<?xml version="1.0" encoding="UTF-8"?>
<!-- Generated by org.testng.reporters.JUnitReportReporter -->
<testsuite hostname="DESKTOP-8QG8CLM" failures="0" tests="1" name="TestClasses.Test1" time="0.014" errors="0" timestamp="2022-03-27T09:22:24 IST" skipped="0">
  <testcase classname="TestClasses.Test1" name="test5" time="0.014"/>
  <system-out/>
</testsuite> <!-- TestClasses.Test1 -->
